2024-11-26 08:58:14:INFO>  로그인에 성공했습니다
2024-11-26 08:58:19:INFO>  
2024-11-26 08:58:19:INFO>  start < ㅡㅡㅡㅡㅡㅡㅡㅡㅡㅡ 계좌 정보 수집 ㅡㅡㅡㅡㅡㅡㅡㅡㅡㅡ
2024-11-26 08:58:19:INFO>  계좌번호: 8087918911의 정보를 수집합니다
2024-11-26 08:58:19:INFO>  예수금 정보를 요청합니다
2024-11-26 08:58:19:INFO>  잔고 정보를 요청합니다
2024-11-26 08:58:20:INFO>  미체결 정보를 요청합니다
2024-11-26 08:58:20:INFO>  거래정보를 요청합니다
2024-11-26 08:58:20:INFO>  ㅡㅡㅡㅡㅡㅡㅡㅡㅡ 계좌 정보 수집완료 ㅡㅡㅡㅡㅡㅡㅡㅡㅡ > end
2024-11-26 08:58:20:INFO>  
2024-11-26 09:00:03:INFO>  
2024-11-26 09:00:03:INFO>  start < ㅡㅡㅡㅡㅡㅡㅡㅡㅡㅡ 검색식 종목편입 ㅡㅡㅡㅡㅡㅡㅡㅡㅡㅡ
2024-11-26 09:00:03:INFO>  순위20: 002900 종목이 편입되었습니다.
2024-11-26 09:00:03:INFO>  
2024-11-26 09:00:03:INFO>  start < ㅡㅡㅡㅡㅡㅡㅡㅡㅡㅡ 검색식 종목편입 ㅡㅡㅡㅡㅡㅡㅡㅡㅡㅡ
2024-11-26 09:00:03:INFO>  순위20: 024110 종목이 편입되었습니다.
2024-11-26 09:00:03:INFO>  
2024-11-26 09:00:03:INFO>  start < ㅡㅡㅡㅡㅡㅡㅡㅡㅡㅡ 검색식 종목편입 ㅡㅡㅡㅡㅡㅡㅡㅡㅡㅡ
2024-11-26 09:00:03:INFO>  순위20: 039980 종목이 편입되었습니다.
2024-11-26 09:00:03:INFO>  
2024-11-26 09:00:03:INFO>  start < ㅡㅡㅡㅡㅡㅡㅡㅡㅡㅡ 검색식 종목편입 ㅡㅡㅡㅡㅡㅡㅡㅡㅡㅡ
2024-11-26 09:00:03:INFO>  순위20: 045660 종목이 편입되었습니다.
2024-11-26 09:00:03:INFO>  
2024-11-26 09:00:03:INFO>  start < ㅡㅡㅡㅡㅡㅡㅡㅡㅡㅡ 검색식 종목편입 ㅡㅡㅡㅡㅡㅡㅡㅡㅡㅡ
2024-11-26 09:00:03:INFO>  순위20: 047400 종목이 편입되었습니다.
2024-11-26 09:00:03:INFO>  
2024-11-26 09:00:03:INFO>  start < ㅡㅡㅡㅡㅡㅡㅡㅡㅡㅡ 검색식 종목편입 ㅡㅡㅡㅡㅡㅡㅡㅡㅡㅡ
2024-11-26 09:00:03:INFO>  순위20: 060370 종목이 편입되었습니다.
2024-11-26 09:00:03:INFO>  
2024-11-26 09:00:03:INFO>  start < ㅡㅡㅡㅡㅡㅡㅡㅡㅡㅡ 검색식 종목편입 ㅡㅡㅡㅡㅡㅡㅡㅡㅡㅡ
2024-11-26 09:00:03:INFO>  순위20: 289930 종목이 편입되었습니다.
2024-11-26 09:00:03:INFO>  stockcode: 289930, quantity: 61 매수 주문이 실행됩니다.
2024-11-26 09:00:03:INFO>  ㅡㅡㅡㅡㅡㅡㅡㅡㅡㅡㅡ 매수 종료 ㅡㅡㅡㅡㅡㅡㅡㅡㅡㅡㅡㅡ > end
2024-11-26 09:00:03:INFO>  
2024-11-26 09:00:04:INFO>  stockcode: 060370, quantity: 35 매수 주문이 실행됩니다.
2024-11-26 09:00:04:INFO>  ㅡㅡㅡㅡㅡㅡㅡㅡㅡㅡㅡ 매수 종료 ㅡㅡㅡㅡㅡㅡㅡㅡㅡㅡㅡㅡ > end
2024-11-26 09:00:04:INFO>  
2024-11-26 09:00:04:INFO>  stockcode: 047400, quantity: 195 매수 주문이 실행됩니다.
2024-11-26 09:00:04:INFO>  ㅡㅡㅡㅡㅡㅡㅡㅡㅡㅡㅡ 매수 종료 ㅡㅡㅡㅡㅡㅡㅡㅡㅡㅡㅡㅡ > end
2024-11-26 09:00:04:INFO>  
2024-11-26 09:00:05:INFO>  
2024-11-26 09:00:05:INFO>  start < ㅡㅡㅡㅡㅡㅡㅡㅡㅡㅡ 검색식 종목편입 ㅡㅡㅡㅡㅡㅡㅡㅡㅡㅡ
2024-11-26 09:00:05:INFO>  순위20: 043090 종목이 편입되었습니다.
2024-11-26 09:00:05:INFO>  stockcode: 043090, quantity: 1689 매수 주문이 실행됩니다.
2024-11-26 09:00:05:ERROR>  accno: 8087918911, stockcode: 043090, 매수 주문요청에 실패했습니다.
2024-11-26 09:00:05:INFO>  ㅡㅡㅡㅡㅡㅡㅡㅡㅡㅡㅡ 매수 종료 ㅡㅡㅡㅡㅡㅡㅡㅡㅡㅡㅡㅡ > end
2024-11-26 09:00:05:INFO>  
2024-11-26 09:00:06:INFO>  stockcode: 045660, quantity: 32 매수 주문이 실행됩니다.
2024-11-26 09:00:06:INFO>  ㅡㅡㅡㅡㅡㅡㅡㅡㅡㅡㅡ 매수 종료 ㅡㅡㅡㅡㅡㅡㅡㅡㅡㅡㅡㅡ > end
2024-11-26 09:00:06:INFO>  
2024-11-26 09:00:07:INFO>  stockcode: 039980, quantity: 220 매수 주문이 실행됩니다.
2024-11-26 09:00:07:INFO>  ㅡㅡㅡㅡㅡㅡㅡㅡㅡㅡㅡ 매수 종료 ㅡㅡㅡㅡㅡㅡㅡㅡㅡㅡㅡㅡ > end
2024-11-26 09:00:07:INFO>  
2024-11-26 09:00:08:INFO>  
2024-11-26 09:00:08:INFO>  start < ㅡㅡㅡㅡㅡㅡㅡㅡㅡㅡ 검색식 종목편입 ㅡㅡㅡㅡㅡㅡㅡㅡㅡㅡ
2024-11-26 09:00:08:INFO>  순위20: 001440 종목이 편입되었습니다.
2024-11-26 09:00:08:INFO>  
2024-11-26 09:00:08:INFO>  start < ㅡㅡㅡㅡㅡㅡㅡㅡㅡㅡ 검색식 종목편입 ㅡㅡㅡㅡㅡㅡㅡㅡㅡㅡ
2024-11-26 09:00:08:INFO>  순위20: 005930 종목이 편입되었습니다.
2024-11-26 09:00:08:INFO>  
2024-11-26 09:00:08:INFO>  start < ㅡㅡㅡㅡㅡㅡㅡㅡㅡㅡ 검색식 종목편입 ㅡㅡㅡㅡㅡㅡㅡㅡㅡㅡ
2024-11-26 09:00:08:INFO>  순위20: 007110 종목이 편입되었습니다.
2024-11-26 09:00:08:INFO>  
2024-11-26 09:00:08:INFO>  start < ㅡㅡㅡㅡㅡㅡㅡㅡㅡㅡ 검색식 종목편입 ㅡㅡㅡㅡㅡㅡㅡㅡㅡㅡ
2024-11-26 09:00:08:INFO>  순위20: 109610 종목이 편입되었습니다.
2024-11-26 09:00:08:INFO>  
2024-11-26 09:00:08:INFO>  start < ㅡㅡㅡㅡㅡㅡㅡㅡㅡㅡ 검색식 종목편입 ㅡㅡㅡㅡㅡㅡㅡㅡㅡㅡ
2024-11-26 09:00:08:INFO>  순위20: 251340 종목이 편입되었습니다.
2024-11-26 09:00:08:INFO>  
2024-11-26 09:00:08:INFO>  start < ㅡㅡㅡㅡㅡㅡㅡㅡㅡㅡ 검색식 종목편입 ㅡㅡㅡㅡㅡㅡㅡㅡㅡㅡ
2024-11-26 09:00:08:INFO>  순위20: 328130 종목이 편입되었습니다.
2024-11-26 09:00:08:INFO>  
2024-11-26 09:00:08:INFO>  start < ㅡㅡㅡㅡㅡㅡㅡㅡㅡㅡ 검색식 종목편입 ㅡㅡㅡㅡㅡㅡㅡㅡㅡㅡ
2024-11-26 09:00:08:INFO>  순위20: 475580 종목이 편입되었습니다.
2024-11-26 09:00:08:INFO>  
2024-11-26 09:00:08:INFO>  start < ㅡㅡㅡㅡㅡㅡㅡㅡㅡㅡ 검색식 종목편입 ㅡㅡㅡㅡㅡㅡㅡㅡㅡㅡ
2024-11-26 09:00:08:INFO>  순위20: 006050 종목이 편입되었습니다.
2024-11-26 09:00:08:INFO>  stockcode: 006050, quantity: 292 매수 주문이 실행됩니다.
2024-11-26 09:00:08:INFO>  ㅡㅡㅡㅡㅡㅡㅡㅡㅡㅡㅡ 매수 종료 ㅡㅡㅡㅡㅡㅡㅡㅡㅡㅡㅡㅡ > end
2024-11-26 09:00:08:INFO>  
2024-11-26 09:00:09:INFO>  stockcode: 475580, quantity: 63 매수 주문이 실행됩니다.
2024-11-26 09:00:09:INFO>  ㅡㅡㅡㅡㅡㅡㅡㅡㅡㅡㅡ 매수 종료 ㅡㅡㅡㅡㅡㅡㅡㅡㅡㅡㅡㅡ > end
2024-11-26 09:00:09:INFO>  
2024-11-26 09:00:10:INFO>  stockcode: 328130, quantity: 7 매수 주문이 실행됩니다.
2024-11-26 09:00:10:INFO>  ㅡㅡㅡㅡㅡㅡㅡㅡㅡㅡㅡ 매수 종료 ㅡㅡㅡㅡㅡㅡㅡㅡㅡㅡㅡㅡ > end
2024-11-26 09:00:10:INFO>  
2024-11-26 09:00:11:INFO>  
2024-11-26 09:00:11:INFO>  start < ㅡㅡㅡㅡㅡㅡㅡㅡㅡㅡ 검색식 종목편입 ㅡㅡㅡㅡㅡㅡㅡㅡㅡㅡ
2024-11-26 09:00:11:INFO>  순위20: 340360 종목이 편입되었습니다.
2024-11-26 09:00:11:INFO>  
2024-11-26 09:00:11:INFO>  start < ㅡㅡㅡㅡㅡㅡㅡㅡㅡㅡ 검색식 종목편입 ㅡㅡㅡㅡㅡㅡㅡㅡㅡㅡ
2024-11-26 09:00:11:INFO>  순위20: 495850 종목이 편입되었습니다.
2024-11-26 09:00:11:INFO>  stockcode: 495850, quantity: 52 매수 주문이 실행됩니다.
2024-11-26 09:00:11:INFO>  ㅡㅡㅡㅡㅡㅡㅡㅡㅡㅡㅡ 매수 종료 ㅡㅡㅡㅡㅡㅡㅡㅡㅡㅡㅡㅡ > end
2024-11-26 09:00:11:INFO>  
2024-11-26 09:00:11:INFO>  
2024-11-26 09:00:11:INFO>  start < ㅡㅡㅡㅡㅡ Stoploss 실행: -1.5% ㅡㅡㅡㅡㅡ
2024-11-26 09:00:11:INFO>  stockcode: 047400, quantity: 98 매도 주문이 실행됩니다.
2024-11-26 09:00:11:INFO>  ㅡㅡㅡㅡㅡㅡㅡㅡㅡㅡㅡ 매도 종료 ㅡㅡㅡㅡㅡㅡㅡㅡㅡㅡㅡㅡ > end
2024-11-26 09:00:11:INFO>  
2024-11-26 09:00:12:INFO>  stockcode: 340360, quantity: 243 매수 주문이 실행됩니다.
2024-11-26 09:00:12:INFO>  ㅡㅡㅡㅡㅡㅡㅡㅡㅡㅡㅡ 매수 종료 ㅡㅡㅡㅡㅡㅡㅡㅡㅡㅡㅡㅡ > end
2024-11-26 09:00:12:INFO>  
2024-11-26 09:00:13:INFO>  
2024-11-26 09:00:13:INFO>  start < ㅡㅡㅡㅡㅡㅡㅡㅡㅡㅡ 검색식 종목편입 ㅡㅡㅡㅡㅡㅡㅡㅡㅡㅡ
2024-11-26 09:00:13:INFO>  순위20: 208370 종목이 편입되었습니다.
2024-11-26 09:00:13:INFO>  
2024-11-26 09:00:13:INFO>  start < ㅡㅡㅡㅡㅡㅡㅡㅡㅡㅡ 검색식 종목편입 ㅡㅡㅡㅡㅡㅡㅡㅡㅡㅡ
2024-11-26 09:00:13:INFO>  순위20: 233740 종목이 편입되었습니다.
2024-11-26 09:00:13:INFO>  
2024-11-26 09:00:13:INFO>  start < ㅡㅡㅡㅡㅡㅡㅡㅡㅡㅡ 검색식 종목편입 ㅡㅡㅡㅡㅡㅡㅡㅡㅡㅡ
2024-11-26 09:00:13:INFO>  순위20: 255220 종목이 편입되었습니다.
2024-11-26 09:00:13:INFO>  
2024-11-26 09:00:13:INFO>  start < ㅡㅡㅡㅡㅡㅡㅡㅡㅡㅡ 검색식 종목편입 ㅡㅡㅡㅡㅡㅡㅡㅡㅡㅡ
2024-11-26 09:00:13:INFO>  순위20: 270520 종목이 편입되었습니다.
2024-11-26 09:00:13:INFO>  
2024-11-26 09:00:13:INFO>  start < ㅡㅡㅡㅡㅡㅡㅡㅡㅡㅡ 검색식 종목편입 ㅡㅡㅡㅡㅡㅡㅡㅡㅡㅡ
2024-11-26 09:00:13:INFO>  순위20: 459100 종목이 편입되었습니다.
2024-11-26 09:00:13:INFO>  stockcode: 459100, quantity: 34 매수 주문이 실행됩니다.
2024-11-26 09:00:13:INFO>  ㅡㅡㅡㅡㅡㅡㅡㅡㅡㅡㅡ 매수 종료 ㅡㅡㅡㅡㅡㅡㅡㅡㅡㅡㅡㅡ > end
2024-11-26 09:00:13:INFO>  
2024-11-26 09:00:14:INFO>  stockcode: 270520, quantity: 379 매수 주문이 실행됩니다.
2024-11-26 09:00:14:INFO>  ㅡㅡㅡㅡㅡㅡㅡㅡㅡㅡㅡ 매수 종료 ㅡㅡㅡㅡㅡㅡㅡㅡㅡㅡㅡㅡ > end
2024-11-26 09:00:14:INFO>  
2024-11-26 09:00:16:INFO>  stockcode: 255220, quantity: 140 매수 주문이 실행됩니다.
2024-11-26 09:00:16:INFO>  ㅡㅡㅡㅡㅡㅡㅡㅡㅡㅡㅡ 매수 종료 ㅡㅡㅡㅡㅡㅡㅡㅡㅡㅡㅡㅡ > end
2024-11-26 09:00:16:INFO>  
2024-11-26 09:00:17:INFO>  stockcode: 233740, quantity: 66 매수 주문이 실행됩니다.
2024-11-26 09:00:18:INFO>  
2024-11-26 09:00:18:INFO>  start < ㅡㅡㅡㅡㅡㅡㅡㅡㅡㅡ 검색식 종목편입 ㅡㅡㅡㅡㅡㅡㅡㅡㅡㅡ
2024-11-26 09:00:18:INFO>  순위20: 015710 종목이 편입되었습니다.
2024-11-26 09:00:18:INFO>  이미 10종목을 보유하고 있습니다
2024-11-26 09:00:18:INFO>  ㅡㅡㅡㅡㅡㅡㅡㅡㅡ 편입종목 매수 안함 ㅡㅡㅡㅡㅡㅡㅡㅡㅡ > end
2024-11-26 09:00:18:INFO>  
2024-11-26 09:00:18:INFO>  
2024-11-26 09:00:18:INFO>  start < ㅡㅡㅡㅡㅡㅡㅡㅡㅡㅡ 검색식 종목편입 ㅡㅡㅡㅡㅡㅡㅡㅡㅡㅡ
2024-11-26 09:00:18:INFO>  순위20: 041190 종목이 편입되었습니다.
2024-11-26 09:00:18:INFO>  이미 10종목을 보유하고 있습니다
2024-11-26 09:00:18:INFO>  ㅡㅡㅡㅡㅡㅡㅡㅡㅡ 편입종목 매수 안함 ㅡㅡㅡㅡㅡㅡㅡㅡㅡ > end
2024-11-26 09:00:18:INFO>  
2024-11-26 09:00:18:INFO>  
2024-11-26 09:00:18:INFO>  start < ㅡㅡㅡㅡㅡㅡㅡㅡㅡㅡ 검색식 종목편입 ㅡㅡㅡㅡㅡㅡㅡㅡㅡㅡ
2024-11-26 09:00:18:INFO>  순위20: 053690 종목이 편입되었습니다.
2024-11-26 09:00:18:INFO>  이미 10종목을 보유하고 있습니다
2024-11-26 09:00:18:INFO>  ㅡㅡㅡㅡㅡㅡㅡㅡㅡ 편입종목 매수 안함 ㅡㅡㅡㅡㅡㅡㅡㅡㅡ > end
2024-11-26 09:00:18:INFO>  
2024-11-26 09:00:18:INFO>  
2024-11-26 09:00:18:INFO>  start < ㅡㅡㅡㅡㅡㅡㅡㅡㅡㅡ 검색식 종목편입 ㅡㅡㅡㅡㅡㅡㅡㅡㅡㅡ
2024-11-26 09:00:18:INFO>  순위20: 108860 종목이 편입되었습니다.
2024-11-26 09:00:18:INFO>  이미 10종목을 보유하고 있습니다
2024-11-26 09:00:18:INFO>  ㅡㅡㅡㅡㅡㅡㅡㅡㅡ 편입종목 매수 안함 ㅡㅡㅡㅡㅡㅡㅡㅡㅡ > end
2024-11-26 09:00:18:INFO>  
2024-11-26 09:00:18:INFO>  
2024-11-26 09:00:18:INFO>  start < ㅡㅡㅡㅡㅡㅡㅡㅡㅡㅡ 검색식 종목편입 ㅡㅡㅡㅡㅡㅡㅡㅡㅡㅡ
2024-11-26 09:00:18:INFO>  순위20: 122630 종목이 편입되었습니다.
2024-11-26 09:00:18:INFO>  이미 10종목을 보유하고 있습니다
2024-11-26 09:00:18:INFO>  ㅡㅡㅡㅡㅡㅡㅡㅡㅡ 편입종목 매수 안함 ㅡㅡㅡㅡㅡㅡㅡㅡㅡ > end
2024-11-26 09:00:18:INFO>  
2024-11-26 09:00:18:INFO>  
2024-11-26 09:00:18:INFO>  start < ㅡㅡㅡㅡㅡㅡㅡㅡㅡㅡ 검색식 종목편입 ㅡㅡㅡㅡㅡㅡㅡㅡㅡㅡ
2024-11-26 09:00:18:INFO>  순위20: 365330 종목이 편입되었습니다.
2024-11-26 09:00:18:INFO>  이미 10종목을 보유하고 있습니다
2024-11-26 09:00:18:INFO>  ㅡㅡㅡㅡㅡㅡㅡㅡㅡ 편입종목 매수 안함 ㅡㅡㅡㅡㅡㅡㅡㅡㅡ > end
2024-11-26 09:00:18:INFO>  
2024-11-26 09:00:18:INFO>  ㅡㅡㅡㅡㅡㅡㅡㅡㅡㅡㅡ 매수 종료 ㅡㅡㅡㅡㅡㅡㅡㅡㅡㅡㅡㅡ > end
2024-11-26 09:00:18:INFO>  
2024-11-26 09:00:18:INFO>  stockcode: 208370, quantity: 103 매수 주문이 실행됩니다.
2024-11-26 09:00:20:INFO>  
2024-11-26 09:00:20:INFO>  start < ㅡㅡㅡㅡㅡㅡㅡㅡㅡㅡ 검색식 종목편입 ㅡㅡㅡㅡㅡㅡㅡㅡㅡㅡ
2024-11-26 09:00:20:INFO>  순위20: 462330 종목이 편입되었습니다.
2024-11-26 09:00:20:INFO>  이미 10종목을 보유하고 있습니다
2024-11-26 09:00:20:INFO>  ㅡㅡㅡㅡㅡㅡㅡㅡㅡ 편입종목 매수 안함 ㅡㅡㅡㅡㅡㅡㅡㅡㅡ > end
2024-11-26 09:00:20:INFO>  
2024-11-26 09:00:20:INFO>  ㅡㅡㅡㅡㅡㅡㅡㅡㅡㅡㅡ 매수 종료 ㅡㅡㅡㅡㅡㅡㅡㅡㅡㅡㅡㅡ > end
2024-11-26 09:00:20:INFO>  
2024-11-26 09:00:21:INFO>  stockcode: 251340, quantity: 126 매수 주문이 실행됩니다.
2024-11-26 09:00:21:INFO>  ㅡㅡㅡㅡㅡㅡㅡㅡㅡㅡㅡ 매수 종료 ㅡㅡㅡㅡㅡㅡㅡㅡㅡㅡㅡㅡ > end
2024-11-26 09:00:21:INFO>  
2024-11-26 09:00:21:INFO>  stockcode: 109610, quantity: 110 매수 주문이 실행됩니다.
2024-11-26 09:00:21:INFO>  ㅡㅡㅡㅡㅡㅡㅡㅡㅡㅡㅡ 매수 종료 ㅡㅡㅡㅡㅡㅡㅡㅡㅡㅡㅡㅡ > end
2024-11-26 09:00:21:INFO>  
2024-11-26 09:00:22:INFO>  
2024-11-26 09:00:22:INFO>  start < ㅡㅡㅡㅡㅡㅡ Stoploss 실행: -3% ㅡㅡㅡㅡㅡㅡ
2024-11-26 09:00:22:INFO>  stockcode: 047400, quantity: 97 매도 주문이 실행됩니다.
2024-11-26 09:00:22:INFO>  ㅡㅡㅡㅡㅡㅡㅡㅡㅡㅡㅡ 매도 종료 ㅡㅡㅡㅡㅡㅡㅡㅡㅡㅡㅡㅡ > end
2024-11-26 09:00:22:INFO>  
2024-11-26 09:00:22:INFO>  stockcode: 007110, quantity: 294 매수 주문이 실행됩니다.
2024-11-26 09:00:23:INFO>  ㅡㅡㅡㅡㅡㅡㅡㅡㅡㅡㅡ 매수 종료 ㅡㅡㅡㅡㅡㅡㅡㅡㅡㅡㅡㅡ > end
2024-11-26 09:00:23:INFO>  
2024-11-26 09:00:23:INFO>  
2024-11-26 09:00:23:INFO>  start < ㅡㅡㅡㅡㅡㅡㅡㅡㅡㅡ 검색식 종목편입 ㅡㅡㅡㅡㅡㅡㅡㅡㅡㅡ
2024-11-26 09:00:23:INFO>  순위20: 001470 종목이 편입되었습니다.
2024-11-26 09:00:23:INFO>  이미 10종목을 보유하고 있습니다
2024-11-26 09:00:23:INFO>  ㅡㅡㅡㅡㅡㅡㅡㅡㅡ 편입종목 매수 안함 ㅡㅡㅡㅡㅡㅡㅡㅡㅡ > end
2024-11-26 09:00:23:INFO>  
2024-11-26 09:00:23:INFO>  
2024-11-26 09:00:23:INFO>  start < ㅡㅡㅡㅡㅡㅡㅡㅡㅡㅡ 검색식 종목편입 ㅡㅡㅡㅡㅡㅡㅡㅡㅡㅡ
2024-11-26 09:00:23:INFO>  순위20: 032820 종목이 편입되었습니다.
2024-11-26 09:00:23:INFO>  이미 10종목을 보유하고 있습니다
2024-11-26 09:00:23:INFO>  ㅡㅡㅡㅡㅡㅡㅡㅡㅡ 편입종목 매수 안함 ㅡㅡㅡㅡㅡㅡㅡㅡㅡ > end
2024-11-26 09:00:23:INFO>  
2024-11-26 09:00:23:INFO>  
2024-11-26 09:00:23:INFO>  start < ㅡㅡㅡㅡㅡㅡㅡㅡㅡㅡ 검색식 종목편입 ㅡㅡㅡㅡㅡㅡㅡㅡㅡㅡ
2024-11-26 09:00:23:INFO>  순위20: 497570 종목이 편입되었습니다.
2024-11-26 09:00:23:INFO>  이미 10종목을 보유하고 있습니다
2024-11-26 09:00:23:INFO>  ㅡㅡㅡㅡㅡㅡㅡㅡㅡ 편입종목 매수 안함 ㅡㅡㅡㅡㅡㅡㅡㅡㅡ > end
2024-11-26 09:00:23:INFO>  
2024-11-26 09:00:26:INFO>  stockcode: 005930, quantity: 8 매수 주문이 실행됩니다.
2024-11-26 09:00:26:INFO>  ㅡㅡㅡㅡㅡㅡㅡㅡㅡㅡㅡ 매수 종료 ㅡㅡㅡㅡㅡㅡㅡㅡㅡㅡㅡㅡ > end
2024-11-26 09:00:26:INFO>  
2024-11-26 09:00:26:INFO>  stockcode: 001440, quantity: 42 매수 주문이 실행됩니다.
2024-11-26 09:00:26:INFO>  ㅡㅡㅡㅡㅡㅡㅡㅡㅡㅡㅡ 매수 종료 ㅡㅡㅡㅡㅡㅡㅡㅡㅡㅡㅡㅡ > end
2024-11-26 09:00:26:INFO>  
2024-11-26 09:00:27:INFO>  stockcode: 024110, quantity: 34 매수 주문이 실행됩니다.
2024-11-26 09:00:27:INFO>  ㅡㅡㅡㅡㅡㅡㅡㅡㅡㅡㅡ 매수 종료 ㅡㅡㅡㅡㅡㅡㅡㅡㅡㅡㅡㅡ > end
2024-11-26 09:00:27:INFO>  
2024-11-26 09:00:27:INFO>  stockcode: 002900, quantity: 96 매수 주문이 실행됩니다.
2024-11-26 09:00:28:INFO>  
2024-11-26 09:00:28:INFO>  start < ㅡㅡㅡㅡㅡㅡㅡㅡㅡㅡ 검색식 종목편입 ㅡㅡㅡㅡㅡㅡㅡㅡㅡㅡ
2024-11-26 09:00:28:INFO>  순위20: 001380 종목이 편입되었습니다.
2024-11-26 09:00:28:INFO>  이미 10종목을 보유하고 있습니다
2024-11-26 09:00:28:INFO>  ㅡㅡㅡㅡㅡㅡㅡㅡㅡ 편입종목 매수 안함 ㅡㅡㅡㅡㅡㅡㅡㅡㅡ > end
2024-11-26 09:00:28:INFO>  
2024-11-26 09:00:28:INFO>  
2024-11-26 09:00:28:INFO>  start < ㅡㅡㅡㅡㅡㅡㅡㅡㅡㅡ 검색식 종목편입 ㅡㅡㅡㅡㅡㅡㅡㅡㅡㅡ
2024-11-26 09:00:28:INFO>  순위20: 027580 종목이 편입되었습니다.
2024-11-26 09:00:28:INFO>  이미 10종목을 보유하고 있습니다
2024-11-26 09:00:28:INFO>  ㅡㅡㅡㅡㅡㅡㅡㅡㅡ 편입종목 매수 안함 ㅡㅡㅡㅡㅡㅡㅡㅡㅡ > end
2024-11-26 09:00:28:INFO>  
2024-11-26 09:00:28:INFO>  
2024-11-26 09:00:28:INFO>  start < ㅡㅡㅡㅡㅡㅡㅡㅡㅡㅡ 검색식 종목편입 ㅡㅡㅡㅡㅡㅡㅡㅡㅡㅡ
2024-11-26 09:00:28:INFO>  순위20: 114800 종목이 편입되었습니다.
2024-11-26 09:00:28:INFO>  이미 10종목을 보유하고 있습니다
2024-11-26 09:00:28:INFO>  ㅡㅡㅡㅡㅡㅡㅡㅡㅡ 편입종목 매수 안함 ㅡㅡㅡㅡㅡㅡㅡㅡㅡ > end
2024-11-26 09:00:28:INFO>  
2024-11-26 09:00:28:INFO>  ㅡㅡㅡㅡㅡㅡㅡㅡㅡㅡㅡ 매수 종료 ㅡㅡㅡㅡㅡㅡㅡㅡㅡㅡㅡㅡ > end
2024-11-26 09:00:28:INFO>  
2024-11-26 09:00:28:INFO>  
2024-11-26 09:00:28:INFO>  start < ㅡㅡㅡㅡㅡㅡㅡㅡㅡㅡ 검색식 종목편입 ㅡㅡㅡㅡㅡㅡㅡㅡㅡㅡ
2024-11-26 09:00:28:INFO>  순위20: 252670 종목이 편입되었습니다.
2024-11-26 09:00:28:INFO>  이미 10종목을 보유하고 있습니다
2024-11-26 09:00:28:INFO>  ㅡㅡㅡㅡㅡㅡㅡㅡㅡ 편입종목 매수 안함 ㅡㅡㅡㅡㅡㅡㅡㅡㅡ > end
2024-11-26 09:00:28:INFO>  
2024-11-26 09:00:33:INFO>  
2024-11-26 09:00:33:INFO>  start < ㅡㅡㅡㅡㅡㅡㅡㅡㅡㅡ 검색식 종목편입 ㅡㅡㅡㅡㅡㅡㅡㅡㅡㅡ
2024-11-26 09:00:33:INFO>  순위20: 109960 종목이 편입되었습니다.
2024-11-26 09:00:33:INFO>  이미 10종목을 보유하고 있습니다
2024-11-26 09:00:33:INFO>  ㅡㅡㅡㅡㅡㅡㅡㅡㅡ 편입종목 매수 안함 ㅡㅡㅡㅡㅡㅡㅡㅡㅡ > end
2024-11-26 09:00:33:INFO>  
2024-11-26 09:00:34:INFO>  
2024-11-26 09:00:34:INFO>  start < ㅡㅡㅡㅡㅡ Stoploss 실행: -1.5% ㅡㅡㅡㅡㅡ
2024-11-26 09:00:34:INFO>  stockcode: 289930, quantity: 31 매도 주문이 실행됩니다.
2024-11-26 09:00:34:INFO>  ㅡㅡㅡㅡㅡㅡㅡㅡㅡㅡㅡ 매도 종료 ㅡㅡㅡㅡㅡㅡㅡㅡㅡㅡㅡㅡ > end
2024-11-26 09:00:34:INFO>  
2024-11-26 09:00:39:INFO>  
2024-11-26 09:00:39:INFO>  start < ㅡㅡㅡㅡㅡ Stoploss 실행: -1.5% ㅡㅡㅡㅡㅡ
2024-11-26 09:00:39:INFO>  stockcode: 340360, quantity: 122 매도 주문이 실행됩니다.
2024-11-26 09:00:40:INFO>  ㅡㅡㅡㅡㅡㅡㅡㅡㅡㅡㅡ 매도 종료 ㅡㅡㅡㅡㅡㅡㅡㅡㅡㅡㅡㅡ > end
2024-11-26 09:00:40:INFO>  
2024-11-26 09:00:41:INFO>  
2024-11-26 09:00:41:INFO>  start < ㅡㅡㅡㅡㅡㅡㅡㅡㅡㅡ 검색식 종목편입 ㅡㅡㅡㅡㅡㅡㅡㅡㅡㅡ
2024-11-26 09:00:41:INFO>  순위20: 500027 종목이 편입되었습니다.
2024-11-26 09:00:41:INFO>  이미 10종목을 보유하고 있습니다
2024-11-26 09:00:41:INFO>  ㅡㅡㅡㅡㅡㅡㅡㅡㅡ 편입종목 매수 안함 ㅡㅡㅡㅡㅡㅡㅡㅡㅡ > end
2024-11-26 09:00:41:INFO>  
2024-11-26 09:00:46:INFO>  
2024-11-26 09:00:46:INFO>  start < ㅡㅡㅡㅡㅡ Stoploss 실행: -1.5% ㅡㅡㅡㅡㅡ
2024-11-26 09:00:46:INFO>  stockcode: 039980, quantity: 110 매도 주문이 실행됩니다.
2024-11-26 09:00:46:INFO>  ㅡㅡㅡㅡㅡㅡㅡㅡㅡㅡㅡ 매도 종료 ㅡㅡㅡㅡㅡㅡㅡㅡㅡㅡㅡㅡ > end
2024-11-26 09:00:46:INFO>  
2024-11-26 09:00:53:INFO>  
2024-11-26 09:00:53:INFO>  start < ㅡㅡㅡㅡㅡㅡㅡㅡㅡㅡ 검색식 종목편입 ㅡㅡㅡㅡㅡㅡㅡㅡㅡㅡ
2024-11-26 09:00:53:INFO>  순위20: 017860 종목이 편입되었습니다.
2024-11-26 09:00:53:INFO>  이미 10종목을 보유하고 있습니다
2024-11-26 09:00:53:INFO>  ㅡㅡㅡㅡㅡㅡㅡㅡㅡ 편입종목 매수 안함 ㅡㅡㅡㅡㅡㅡㅡㅡㅡ > end
2024-11-26 09:00:53:INFO>  
2024-11-26 09:00:55:INFO>  
2024-11-26 09:00:55:INFO>  start < ㅡㅡㅡㅡㅡㅡㅡㅡㅡㅡ 검색식 종목편입 ㅡㅡㅡㅡㅡㅡㅡㅡㅡㅡ
2024-11-26 09:00:55:INFO>  순위20: 530036 종목이 편입되었습니다.
2024-11-26 09:00:55:INFO>  이미 10종목을 보유하고 있습니다
2024-11-26 09:00:55:INFO>  ㅡㅡㅡㅡㅡㅡㅡㅡㅡ 편입종목 매수 안함 ㅡㅡㅡㅡㅡㅡㅡㅡㅡ > end
2024-11-26 09:00:55:INFO>  
2024-11-26 09:00:56:INFO>  
2024-11-26 09:00:56:INFO>  start < ㅡㅡㅡㅡㅡ Stoploss 실행: -1.5% ㅡㅡㅡㅡㅡ
2024-11-26 09:00:56:INFO>  stockcode: 208370, quantity: 52 매도 주문이 실행됩니다.
2024-11-26 09:00:57:INFO>  ㅡㅡㅡㅡㅡㅡㅡㅡㅡㅡㅡ 매도 종료 ㅡㅡㅡㅡㅡㅡㅡㅡㅡㅡㅡㅡ > end
2024-11-26 09:00:57:INFO>  
2024-11-26 09:00:58:INFO>  
2024-11-26 09:00:58:INFO>  start < ㅡㅡㅡㅡㅡㅡㅡㅡㅡㅡ 검색식 종목편입 ㅡㅡㅡㅡㅡㅡㅡㅡㅡㅡ
2024-11-26 09:00:58:INFO>  순위20: 459100 종목이 편입되었습니다.
2024-11-26 09:00:58:INFO>  459100: 이미 보유중인 종목입니다
2024-11-26 09:00:58:INFO>  ㅡㅡㅡㅡㅡㅡㅡㅡㅡ 편입종목 매수 안함 ㅡㅡㅡㅡㅡㅡㅡㅡㅡ > end
2024-11-26 09:00:58:INFO>  
2024-11-26 09:01:01:INFO>  
2024-11-26 09:01:01:INFO>  start < ㅡㅡㅡㅡㅡ Stoploss 실행: -1.5% ㅡㅡㅡㅡㅡ
2024-11-26 09:01:01:INFO>  stockcode: 045660, quantity: 16 매도 주문이 실행됩니다.
2024-11-26 09:01:02:INFO>  ㅡㅡㅡㅡㅡㅡㅡㅡㅡㅡㅡ 매도 종료 ㅡㅡㅡㅡㅡㅡㅡㅡㅡㅡㅡㅡ > end
2024-11-26 09:01:02:INFO>  
2024-11-26 09:01:18:INFO>  
2024-11-26 09:01:18:INFO>  start < ㅡㅡㅡㅡㅡㅡㅡㅡㅡㅡ 검색식 종목편입 ㅡㅡㅡㅡㅡㅡㅡㅡㅡㅡ
2024-11-26 09:01:18:INFO>  순위20: 108860 종목이 편입되었습니다.
2024-11-26 09:01:18:INFO>  이미 10종목을 보유하고 있습니다
2024-11-26 09:01:18:INFO>  ㅡㅡㅡㅡㅡㅡㅡㅡㅡ 편입종목 매수 안함 ㅡㅡㅡㅡㅡㅡㅡㅡㅡ > end
2024-11-26 09:01:18:INFO>  
2024-11-26 09:01:18:INFO>  
2024-11-26 09:01:18:INFO>  start < ㅡㅡㅡㅡㅡ Stoploss 실행: -1.5% ㅡㅡㅡㅡㅡ
2024-11-26 09:01:18:INFO>  stockcode: 328130, quantity: 4 매도 주문이 실행됩니다.
2024-11-26 09:01:18:INFO>  
2024-11-26 09:01:18:INFO>  start < ㅡㅡㅡㅡㅡ Stoploss 실행: -1.5% ㅡㅡㅡㅡㅡ
2024-11-26 09:01:18:INFO>  stockcode: 270520, quantity: 190 매도 주문이 실행됩니다.
2024-11-26 09:01:21:INFO>  ㅡㅡㅡㅡㅡㅡㅡㅡㅡㅡㅡ 매도 종료 ㅡㅡㅡㅡㅡㅡㅡㅡㅡㅡㅡㅡ > end
2024-11-26 09:01:21:INFO>  
2024-11-26 09:01:21:INFO>  ㅡㅡㅡㅡㅡㅡㅡㅡㅡㅡㅡ 매도 종료 ㅡㅡㅡㅡㅡㅡㅡㅡㅡㅡㅡㅡ > end
2024-11-26 09:01:21:INFO>  
2024-11-26 09:01:26:INFO>  
2024-11-26 09:01:26:INFO>  start < ㅡㅡㅡㅡㅡ Stoploss 실행: -1.5% ㅡㅡㅡㅡㅡ
2024-11-26 09:01:26:INFO>  stockcode: 475580, quantity: 32 매도 주문이 실행됩니다.
2024-11-26 09:01:26:INFO>  ㅡㅡㅡㅡㅡㅡㅡㅡㅡㅡㅡ 매도 종료 ㅡㅡㅡㅡㅡㅡㅡㅡㅡㅡㅡㅡ > end
2024-11-26 09:01:26:INFO>  
2024-11-26 09:01:28:INFO>  
2024-11-26 09:01:28:INFO>  start < ㅡㅡㅡㅡㅡㅡ Stoploss 실행: -3% ㅡㅡㅡㅡㅡㅡ
2024-11-26 09:01:28:INFO>  stockcode: 270520, quantity: 189 매도 주문이 실행됩니다.
2024-11-26 09:01:28:INFO>  ㅡㅡㅡㅡㅡㅡㅡㅡㅡㅡㅡ 매도 종료 ㅡㅡㅡㅡㅡㅡㅡㅡㅡㅡㅡㅡ > end
2024-11-26 09:01:28:INFO>  
2024-11-26 09:01:33:INFO>  
2024-11-26 09:01:33:INFO>  start < ㅡㅡㅡㅡㅡㅡㅡㅡㅡㅡ 검색식 종목편입 ㅡㅡㅡㅡㅡㅡㅡㅡㅡㅡ
2024-11-26 09:01:33:INFO>  순위20: 365330 종목이 편입되었습니다.
2024-11-26 09:01:33:INFO>  이미 10종목을 보유하고 있습니다
2024-11-26 09:01:33:INFO>  ㅡㅡㅡㅡㅡㅡㅡㅡㅡ 편입종목 매수 안함 ㅡㅡㅡㅡㅡㅡㅡㅡㅡ > end
2024-11-26 09:01:33:INFO>  
2024-11-26 09:01:38:INFO>  
2024-11-26 09:01:38:INFO>  start < ㅡㅡㅡㅡㅡㅡㅡㅡㅡㅡ 검색식 종목편입 ㅡㅡㅡㅡㅡㅡㅡㅡㅡㅡ
2024-11-26 09:01:38:INFO>  순위20: 108860 종목이 편입되었습니다.
2024-11-26 09:01:38:INFO>  이미 10종목을 보유하고 있습니다
2024-11-26 09:01:38:INFO>  ㅡㅡㅡㅡㅡㅡㅡㅡㅡ 편입종목 매수 안함 ㅡㅡㅡㅡㅡㅡㅡㅡㅡ > end
2024-11-26 09:01:38:INFO>  
2024-11-26 09:01:53:INFO>  
2024-11-26 09:01:53:INFO>  start < ㅡㅡㅡㅡㅡㅡㅡㅡㅡㅡ 검색식 종목편입 ㅡㅡㅡㅡㅡㅡㅡㅡㅡㅡ
2024-11-26 09:01:53:INFO>  순위20: 459100 종목이 편입되었습니다.
2024-11-26 09:01:53:INFO>  459100: 이미 보유중인 종목입니다
2024-11-26 09:01:53:INFO>  ㅡㅡㅡㅡㅡㅡㅡㅡㅡ 편입종목 매수 안함 ㅡㅡㅡㅡㅡㅡㅡㅡㅡ > end
2024-11-26 09:01:53:INFO>  
2024-11-26 09:02:03:INFO>  
2024-11-26 09:02:03:INFO>  start < ㅡㅡㅡㅡㅡㅡㅡㅡㅡㅡ 검색식 종목편입 ㅡㅡㅡㅡㅡㅡㅡㅡㅡㅡ
2024-11-26 09:02:03:INFO>  순위20: 219550 종목이 편입되었습니다.
2024-11-26 09:02:03:INFO>  이미 10종목을 보유하고 있습니다
2024-11-26 09:02:03:INFO>  ㅡㅡㅡㅡㅡㅡㅡㅡㅡ 편입종목 매수 안함 ㅡㅡㅡㅡㅡㅡㅡㅡㅡ > end
2024-11-26 09:02:03:INFO>  
2024-11-26 09:02:21:INFO>  
2024-11-26 09:02:21:INFO>  start < ㅡㅡㅡㅡㅡㅡ Stoploss 실행: -3% ㅡㅡㅡㅡㅡㅡ
2024-11-26 09:02:21:INFO>  stockcode: 328130, quantity: 3 매도 주문이 실행됩니다.
2024-11-26 09:02:22:INFO>  ㅡㅡㅡㅡㅡㅡㅡㅡㅡㅡㅡ 매도 종료 ㅡㅡㅡㅡㅡㅡㅡㅡㅡㅡㅡㅡ > end
2024-11-26 09:02:22:INFO>  
2024-11-26 09:02:28:INFO>  
2024-11-26 09:02:28:INFO>  start < ㅡㅡㅡㅡㅡㅡㅡㅡㅡㅡ 검색식 종목편입 ㅡㅡㅡㅡㅡㅡㅡㅡㅡㅡ
2024-11-26 09:02:28:INFO>  순위20: 459100 종목이 편입되었습니다.
2024-11-26 09:02:28:INFO>  459100: 이미 보유중인 종목입니다
2024-11-26 09:02:28:INFO>  ㅡㅡㅡㅡㅡㅡㅡㅡㅡ 편입종목 매수 안함 ㅡㅡㅡㅡㅡㅡㅡㅡㅡ > end
2024-11-26 09:02:28:INFO>  
2024-11-26 09:02:43:INFO>  
2024-11-26 09:02:43:INFO>  start < ㅡㅡㅡㅡㅡㅡㅡㅡㅡㅡ 검색식 종목편입 ㅡㅡㅡㅡㅡㅡㅡㅡㅡㅡ
2024-11-26 09:02:43:INFO>  순위20: 900340 종목이 편입되었습니다.
2024-11-26 09:02:43:INFO>  이미 10종목을 보유하고 있습니다
2024-11-26 09:02:43:INFO>  ㅡㅡㅡㅡㅡㅡㅡㅡㅡ 편입종목 매수 안함 ㅡㅡㅡㅡㅡㅡㅡㅡㅡ > end
2024-11-26 09:02:43:INFO>  
2024-11-26 09:02:53:INFO>  
2024-11-26 09:02:53:INFO>  start < ㅡㅡㅡㅡㅡㅡㅡㅡㅡㅡ 검색식 종목편입 ㅡㅡㅡㅡㅡㅡㅡㅡㅡㅡ
2024-11-26 09:02:53:INFO>  순위20: 000490 종목이 편입되었습니다.
2024-11-26 09:02:53:INFO>  이미 10종목을 보유하고 있습니다
2024-11-26 09:02:53:INFO>  ㅡㅡㅡㅡㅡㅡㅡㅡㅡ 편입종목 매수 안함 ㅡㅡㅡㅡㅡㅡㅡㅡㅡ > end
2024-11-26 09:02:53:INFO>  
2024-11-26 09:03:38:INFO>  
2024-11-26 09:03:38:INFO>  start < ㅡㅡㅡㅡㅡㅡㅡㅡㅡㅡ 검색식 종목편입 ㅡㅡㅡㅡㅡㅡㅡㅡㅡㅡ
2024-11-26 09:03:38:INFO>  순위20: 306620 종목이 편입되었습니다.
2024-11-26 09:03:38:INFO>  이미 10종목을 보유하고 있습니다
2024-11-26 09:03:38:INFO>  ㅡㅡㅡㅡㅡㅡㅡㅡㅡ 편입종목 매수 안함 ㅡㅡㅡㅡㅡㅡㅡㅡㅡ > end
2024-11-26 09:03:38:INFO>  
2024-11-26 09:04:04:INFO>  
2024-11-26 09:04:04:INFO>  start < ㅡㅡㅡㅡㅡㅡㅡㅡㅡㅡ 검색식 종목편입 ㅡㅡㅡㅡㅡㅡㅡㅡㅡㅡ
2024-11-26 09:04:04:INFO>  순위20: 348080 종목이 편입되었습니다.
2024-11-26 09:04:04:INFO>  이미 10종목을 보유하고 있습니다
2024-11-26 09:04:04:INFO>  ㅡㅡㅡㅡㅡㅡㅡㅡㅡ 편입종목 매수 안함 ㅡㅡㅡㅡㅡㅡㅡㅡㅡ > end
2024-11-26 09:04:04:INFO>  
2024-11-26 09:04:26:INFO>  
2024-11-26 09:04:26:INFO>  start < ㅡㅡㅡ Trailingstop 실행: 2.5% ㅡㅡㅡㅡ
2024-11-26 09:04:26:INFO>  stockcode: 475580, quantity: 16 매도 주문이 실행됩니다.
2024-11-26 09:04:26:INFO>  ㅡㅡㅡㅡㅡㅡㅡㅡㅡㅡㅡ 매도 종료 ㅡㅡㅡㅡㅡㅡㅡㅡㅡㅡㅡㅡ > end
2024-11-26 09:04:26:INFO>  
2024-11-26 09:05:03:INFO>  
2024-11-26 09:05:03:INFO>  start < ㅡㅡㅡㅡㅡ Stoploss 실행: -1.5% ㅡㅡㅡㅡㅡ
2024-11-26 09:05:03:INFO>  stockcode: 007110, quantity: 147 매도 주문이 실행됩니다.
2024-11-26 09:05:03:INFO>  ㅡㅡㅡㅡㅡㅡㅡㅡㅡㅡㅡ 매도 종료 ㅡㅡㅡㅡㅡㅡㅡㅡㅡㅡㅡㅡ > end
2024-11-26 09:05:03:INFO>  
2024-11-26 09:05:09:INFO>  
2024-11-26 09:05:09:INFO>  start < ㅡㅡㅡㅡㅡㅡㅡㅡㅡㅡ 검색식 종목편입 ㅡㅡㅡㅡㅡㅡㅡㅡㅡㅡ
2024-11-26 09:05:09:INFO>  순위20: 122630 종목이 편입되었습니다.
2024-11-26 09:05:09:INFO>  이미 10종목을 보유하고 있습니다
2024-11-26 09:05:09:INFO>  ㅡㅡㅡㅡㅡㅡㅡㅡㅡ 편입종목 매수 안함 ㅡㅡㅡㅡㅡㅡㅡㅡㅡ > end
2024-11-26 09:05:09:INFO>  
2024-11-26 09:05:26:INFO>  
2024-11-26 09:05:26:INFO>  start < ㅡㅡㅡㅡ Trailingstop 실행: 5% ㅡㅡㅡㅡㅡ
2024-11-26 09:05:26:INFO>  stockcode: 002900, quantity: 48 매도 주문이 실행됩니다.
2024-11-26 09:05:27:INFO>  ㅡㅡㅡㅡㅡㅡㅡㅡㅡㅡㅡ 매도 종료 ㅡㅡㅡㅡㅡㅡㅡㅡㅡㅡㅡㅡ > end
2024-11-26 09:05:27:INFO>  
2024-11-26 09:05:37:INFO>  
2024-11-26 09:05:37:INFO>  start < ㅡㅡㅡㅡㅡ Stoploss 실행: -1.5% ㅡㅡㅡㅡㅡ
2024-11-26 09:05:37:INFO>  stockcode: 459100, quantity: 17 매도 주문이 실행됩니다.
2024-11-26 09:05:37:INFO>  ㅡㅡㅡㅡㅡㅡㅡㅡㅡㅡㅡ 매도 종료 ㅡㅡㅡㅡㅡㅡㅡㅡㅡㅡㅡㅡ > end
2024-11-26 09:05:37:INFO>  
2024-11-26 09:05:44:INFO>  
2024-11-26 09:05:44:INFO>  start < ㅡㅡㅡㅡㅡㅡㅡㅡㅡㅡ 검색식 종목편입 ㅡㅡㅡㅡㅡㅡㅡㅡㅡㅡ
2024-11-26 09:05:44:INFO>  순위20: 024890 종목이 편입되었습니다.
2024-11-26 09:05:44:INFO>  이미 10종목을 보유하고 있습니다
2024-11-26 09:05:44:INFO>  ㅡㅡㅡㅡㅡㅡㅡㅡㅡ 편입종목 매수 안함 ㅡㅡㅡㅡㅡㅡㅡㅡㅡ > end
2024-11-26 09:05:44:INFO>  
2024-11-26 09:05:49:INFO>  
2024-11-26 09:05:49:INFO>  start < ㅡㅡㅡㅡㅡㅡㅡㅡㅡㅡ 검색식 종목편입 ㅡㅡㅡㅡㅡㅡㅡㅡㅡㅡ
2024-11-26 09:05:49:INFO>  순위20: 122630 종목이 편입되었습니다.
2024-11-26 09:05:49:INFO>  이미 10종목을 보유하고 있습니다
2024-11-26 09:05:49:INFO>  ㅡㅡㅡㅡㅡㅡㅡㅡㅡ 편입종목 매수 안함 ㅡㅡㅡㅡㅡㅡㅡㅡㅡ > end
2024-11-26 09:05:49:INFO>  
2024-11-26 09:06:26:INFO>  
2024-11-26 09:06:26:INFO>  start < ㅡㅡㅡ Trailingstop 실행: 2.5% ㅡㅡㅡㅡ
2024-11-26 09:06:26:INFO>  stockcode: 045660, quantity: 8 매도 주문이 실행됩니다.
2024-11-26 09:06:26:INFO>  
2024-11-26 09:06:26:INFO>  start < ㅡㅡㅡ Trailingstop 실행: 2.5% ㅡㅡㅡㅡ
2024-11-26 09:06:26:INFO>  stockcode: 475580, quantity: 15 매도 주문이 실행됩니다.
2024-11-26 09:06:26:INFO>  
2024-11-26 09:06:26:INFO>  start < ㅡㅡㅡㅡ Trailingstop 실행: 5% ㅡㅡㅡㅡㅡ
2024-11-26 09:06:26:INFO>  stockcode: 002900, quantity: 48 매도 주문이 실행됩니다.
2024-11-26 09:06:27:INFO>  ㅡㅡㅡㅡㅡㅡㅡㅡㅡㅡㅡ 매도 종료 ㅡㅡㅡㅡㅡㅡㅡㅡㅡㅡㅡㅡ > end
2024-11-26 09:06:27:INFO>  
2024-11-26 09:06:27:INFO>  ㅡㅡㅡㅡㅡㅡㅡㅡㅡㅡㅡ 매도 종료 ㅡㅡㅡㅡㅡㅡㅡㅡㅡㅡㅡㅡ > end
2024-11-26 09:06:27:INFO>  
2024-11-26 09:06:27:INFO>  ㅡㅡㅡㅡㅡㅡㅡㅡㅡㅡㅡ 매도 종료 ㅡㅡㅡㅡㅡㅡㅡㅡㅡㅡㅡㅡ > end
2024-11-26 09:06:27:INFO>  
2024-11-26 09:07:09:INFO>  
2024-11-26 09:07:09:INFO>  start < ㅡㅡㅡㅡㅡㅡㅡㅡㅡㅡ 검색식 종목편입 ㅡㅡㅡㅡㅡㅡㅡㅡㅡㅡ
2024-11-26 09:07:09:INFO>  순위20: 219550 종목이 편입되었습니다.
2024-11-26 09:07:09:INFO>  이미 10종목을 보유하고 있습니다
2024-11-26 09:07:09:INFO>  ㅡㅡㅡㅡㅡㅡㅡㅡㅡ 편입종목 매수 안함 ㅡㅡㅡㅡㅡㅡㅡㅡㅡ > end
2024-11-26 09:07:09:INFO>  
2024-11-26 09:07:34:INFO>  
2024-11-26 09:07:34:INFO>  start < ㅡㅡㅡㅡㅡㅡㅡㅡㅡㅡ 검색식 종목편입 ㅡㅡㅡㅡㅡㅡㅡㅡㅡㅡ
2024-11-26 09:07:34:INFO>  순위20: 475580 종목이 편입되었습니다.
2024-11-26 09:07:34:INFO>  이미 10종목을 보유하고 있습니다
2024-11-26 09:07:34:INFO>  ㅡㅡㅡㅡㅡㅡㅡㅡㅡ 편입종목 매수 안함 ㅡㅡㅡㅡㅡㅡㅡㅡㅡ > end
2024-11-26 09:07:34:INFO>  
2024-11-26 09:08:25:INFO>  
2024-11-26 09:08:25:INFO>  start < ㅡㅡㅡㅡㅡㅡㅡㅡㅡㅡ 검색식 종목편입 ㅡㅡㅡㅡㅡㅡㅡㅡㅡㅡ
2024-11-26 09:08:25:INFO>  순위20: 024890 종목이 편입되었습니다.
2024-11-26 09:08:25:INFO>  이미 10종목을 보유하고 있습니다
2024-11-26 09:08:25:INFO>  ㅡㅡㅡㅡㅡㅡㅡㅡㅡ 편입종목 매수 안함 ㅡㅡㅡㅡㅡㅡㅡㅡㅡ > end
2024-11-26 09:08:25:INFO>  
2024-11-26 09:09:00:INFO>  
2024-11-26 09:09:00:INFO>  start < ㅡㅡㅡㅡㅡㅡㅡㅡㅡㅡ 검색식 종목편입 ㅡㅡㅡㅡㅡㅡㅡㅡㅡㅡ
2024-11-26 09:09:00:INFO>  순위20: 459100 종목이 편입되었습니다.
2024-11-26 09:09:00:INFO>  459100: 이미 보유중인 종목입니다
2024-11-26 09:09:00:INFO>  ㅡㅡㅡㅡㅡㅡㅡㅡㅡ 편입종목 매수 안함 ㅡㅡㅡㅡㅡㅡㅡㅡㅡ > end
2024-11-26 09:09:00:INFO>  
2024-11-26 09:09:56:INFO>  
2024-11-26 09:09:56:INFO>  start < ㅡㅡㅡㅡ Trailingstop 실행: 5% ㅡㅡㅡㅡㅡ
2024-11-26 09:09:56:INFO>  stockcode: 459100, quantity: 9 매도 주문이 실행됩니다.
2024-11-26 09:09:56:INFO>  ㅡㅡㅡㅡㅡㅡㅡㅡㅡㅡㅡ 매도 종료 ㅡㅡㅡㅡㅡㅡㅡㅡㅡㅡㅡㅡ > end
2024-11-26 09:09:56:INFO>  
2024-11-26 09:10:01:INFO>  
2024-11-26 09:10:01:INFO>  start < ㅡㅡㅡㅡㅡㅡㅡㅡㅡㅡ 검색식 종목편입 ㅡㅡㅡㅡㅡㅡㅡㅡㅡㅡ
2024-11-26 09:10:01:INFO>  순위20: 128540 종목이 편입되었습니다.
2024-11-26 09:10:01:INFO>  이미 10종목을 보유하고 있습니다
2024-11-26 09:10:01:INFO>  ㅡㅡㅡㅡㅡㅡㅡㅡㅡ 편입종목 매수 안함 ㅡㅡㅡㅡㅡㅡㅡㅡㅡ > end
2024-11-26 09:10:01:INFO>  
2024-11-26 09:10:16:INFO>  
2024-11-26 09:10:16:INFO>  start < ㅡㅡㅡㅡㅡㅡㅡㅡㅡㅡ 검색식 종목편입 ㅡㅡㅡㅡㅡㅡㅡㅡㅡㅡ
2024-11-26 09:10:16:INFO>  순위20: 101670 종목이 편입되었습니다.
2024-11-26 09:10:16:INFO>  이미 10종목을 보유하고 있습니다
2024-11-26 09:10:16:INFO>  ㅡㅡㅡㅡㅡㅡㅡㅡㅡ 편입종목 매수 안함 ㅡㅡㅡㅡㅡㅡㅡㅡㅡ > end
2024-11-26 09:10:16:INFO>  
2024-11-26 09:10:26:INFO>  
2024-11-26 09:10:26:INFO>  start < ㅡㅡㅡㅡㅡㅡㅡㅡㅡㅡ 검색식 종목편입 ㅡㅡㅡㅡㅡㅡㅡㅡㅡㅡ
2024-11-26 09:10:26:INFO>  순위20: 219550 종목이 편입되었습니다.
2024-11-26 09:10:26:INFO>  이미 10종목을 보유하고 있습니다
2024-11-26 09:10:26:INFO>  ㅡㅡㅡㅡㅡㅡㅡㅡㅡ 편입종목 매수 안함 ㅡㅡㅡㅡㅡㅡㅡㅡㅡ > end
2024-11-26 09:10:26:INFO>  
2024-11-26 09:12:06:INFO>  
2024-11-26 09:12:06:INFO>  start < ㅡㅡㅡㅡㅡㅡㅡㅡㅡㅡ 검색식 종목편입 ㅡㅡㅡㅡㅡㅡㅡㅡㅡㅡ
2024-11-26 09:12:06:INFO>  순위20: 394800 종목이 편입되었습니다.
2024-11-26 09:12:06:INFO>  이미 10종목을 보유하고 있습니다
2024-11-26 09:12:06:INFO>  ㅡㅡㅡㅡㅡㅡㅡㅡㅡ 편입종목 매수 안함 ㅡㅡㅡㅡㅡㅡㅡㅡㅡ > end
2024-11-26 09:12:06:INFO>  
2024-11-26 09:13:27:INFO>  
2024-11-26 09:13:27:INFO>  start < ㅡㅡㅡㅡㅡㅡㅡㅡㅡㅡ 검색식 종목편입 ㅡㅡㅡㅡㅡㅡㅡㅡㅡㅡ
2024-11-26 09:13:27:INFO>  순위20: 122630 종목이 편입되었습니다.
2024-11-26 09:13:27:INFO>  이미 10종목을 보유하고 있습니다
2024-11-26 09:13:27:INFO>  ㅡㅡㅡㅡㅡㅡㅡㅡㅡ 편입종목 매수 안함 ㅡㅡㅡㅡㅡㅡㅡㅡㅡ > end
2024-11-26 09:13:27:INFO>  
2024-11-26 09:13:37:INFO>  
2024-11-26 09:13:37:INFO>  start < ㅡㅡㅡㅡㅡㅡㅡㅡㅡㅡ 검색식 종목편입 ㅡㅡㅡㅡㅡㅡㅡㅡㅡㅡ
2024-11-26 09:13:37:INFO>  순위20: 007110 종목이 편입되었습니다.
2024-11-26 09:13:37:INFO>  007110: 이미 보유중인 종목입니다
2024-11-26 09:13:37:INFO>  ㅡㅡㅡㅡㅡㅡㅡㅡㅡ 편입종목 매수 안함 ㅡㅡㅡㅡㅡㅡㅡㅡㅡ > end
2024-11-26 09:13:37:INFO>  
2024-11-26 09:13:52:INFO>  
2024-11-26 09:13:52:INFO>  start < ㅡㅡㅡㅡㅡㅡㅡㅡㅡㅡ 검색식 종목편입 ㅡㅡㅡㅡㅡㅡㅡㅡㅡㅡ
2024-11-26 09:13:52:INFO>  순위20: 122630 종목이 편입되었습니다.
2024-11-26 09:13:52:INFO>  이미 10종목을 보유하고 있습니다
2024-11-26 09:13:52:INFO>  ㅡㅡㅡㅡㅡㅡㅡㅡㅡ 편입종목 매수 안함 ㅡㅡㅡㅡㅡㅡㅡㅡㅡ > end
2024-11-26 09:13:52:INFO>  
2024-11-26 09:14:11:INFO>  
2024-11-26 09:14:11:INFO>  start < ㅡㅡㅡㅡㅡㅡㅡㅡㅡㅡ 검색식 종목편입 ㅡㅡㅡㅡㅡㅡㅡㅡㅡㅡ
2024-11-26 09:14:11:INFO>  순위20: 007110 종목이 편입되었습니다.
2024-11-26 09:14:11:INFO>  007110: 이미 보유중인 종목입니다
2024-11-26 09:14:11:INFO>  ㅡㅡㅡㅡㅡㅡㅡㅡㅡ 편입종목 매수 안함 ㅡㅡㅡㅡㅡㅡㅡㅡㅡ > end
2024-11-26 09:14:11:INFO>  
2024-11-26 09:14:16:INFO>  
2024-11-26 09:14:16:INFO>  start < ㅡㅡㅡㅡㅡ Stoploss 실행: -1.5% ㅡㅡㅡㅡㅡ
2024-11-26 09:14:16:INFO>  stockcode: 060370, quantity: 18 매도 주문이 실행됩니다.
2024-11-26 09:14:17:INFO>  ㅡㅡㅡㅡㅡㅡㅡㅡㅡㅡㅡ 매도 종료 ㅡㅡㅡㅡㅡㅡㅡㅡㅡㅡㅡㅡ > end
2024-11-26 09:14:17:INFO>  
2024-11-26 09:14:22:INFO>  
2024-11-26 09:14:22:INFO>  start < ㅡㅡㅡㅡㅡㅡㅡㅡㅡㅡ 검색식 종목편입 ㅡㅡㅡㅡㅡㅡㅡㅡㅡㅡ
2024-11-26 09:14:22:INFO>  순위20: 122630 종목이 편입되었습니다.
2024-11-26 09:14:22:INFO>  이미 10종목을 보유하고 있습니다
2024-11-26 09:14:22:INFO>  ㅡㅡㅡㅡㅡㅡㅡㅡㅡ 편입종목 매수 안함 ㅡㅡㅡㅡㅡㅡㅡㅡㅡ > end
2024-11-26 09:14:22:INFO>  
2024-11-26 09:14:26:INFO>  
2024-11-26 09:14:26:INFO>  start < ㅡㅡㅡ Trailingstop 실행: 2.5% ㅡㅡㅡㅡ
2024-11-26 09:14:26:INFO>  stockcode: 340360, quantity: 61 매도 주문이 실행됩니다.
2024-11-26 09:14:26:INFO>  ㅡㅡㅡㅡㅡㅡㅡㅡㅡㅡㅡ 매도 종료 ㅡㅡㅡㅡㅡㅡㅡㅡㅡㅡㅡㅡ > end
2024-11-26 09:14:26:INFO>  
2024-11-26 09:15:26:INFO>  
2024-11-26 09:15:26:INFO>  start < ㅡㅡㅡㅡ Trailingstop 실행: 5% ㅡㅡㅡㅡㅡ
2024-11-26 09:15:26:INFO>  stockcode: 459100, quantity: 8 매도 주문이 실행됩니다.
2024-11-26 09:15:26:INFO>  
2024-11-26 09:15:26:INFO>  start < ㅡㅡㅡ Trailingstop 실행: 2.5% ㅡㅡㅡㅡ
2024-11-26 09:15:26:INFO>  stockcode: 340360, quantity: 60 매도 주문이 실행됩니다.
2024-11-26 09:15:27:INFO>  ㅡㅡㅡㅡㅡㅡㅡㅡㅡㅡㅡ 매도 종료 ㅡㅡㅡㅡㅡㅡㅡㅡㅡㅡㅡㅡ > end
2024-11-26 09:15:27:INFO>  
2024-11-26 09:15:27:INFO>  ㅡㅡㅡㅡㅡㅡㅡㅡㅡㅡㅡ 매도 종료 ㅡㅡㅡㅡㅡㅡㅡㅡㅡㅡㅡㅡ > end
2024-11-26 09:15:27:INFO>  
2024-11-26 09:19:41:INFO>  
2024-11-26 09:19:41:INFO>  start < ㅡㅡㅡㅡㅡㅡㅡㅡㅡㅡ 검색식 종목편입 ㅡㅡㅡㅡㅡㅡㅡㅡㅡㅡ
2024-11-26 09:19:41:INFO>  순위20: 462330 종목이 편입되었습니다.
2024-11-26 09:19:41:INFO>  이미 10종목을 보유하고 있습니다
2024-11-26 09:19:41:INFO>  ㅡㅡㅡㅡㅡㅡㅡㅡㅡ 편입종목 매수 안함 ㅡㅡㅡㅡㅡㅡㅡㅡㅡ > end
2024-11-26 09:19:41:INFO>  
2024-11-26 09:21:04:INFO>  
2024-11-26 09:21:04:INFO>  start < ㅡㅡㅡㅡㅡㅡㅡㅡㅡㅡ 검색식 종목편입 ㅡㅡㅡㅡㅡㅡㅡㅡㅡㅡ
2024-11-26 09:21:04:INFO>  순위20: 001380 종목이 편입되었습니다.
2024-11-26 09:21:04:INFO>  이미 10종목을 보유하고 있습니다
2024-11-26 09:21:04:INFO>  ㅡㅡㅡㅡㅡㅡㅡㅡㅡ 편입종목 매수 안함 ㅡㅡㅡㅡㅡㅡㅡㅡㅡ > end
2024-11-26 09:21:04:INFO>  
2024-11-26 09:23:00:INFO>  
2024-11-26 09:23:00:INFO>  start < ㅡㅡㅡㅡㅡㅡㅡㅡㅡㅡ 검색식 종목편입 ㅡㅡㅡㅡㅡㅡㅡㅡㅡㅡ
2024-11-26 09:23:00:INFO>  순위20: 122630 종목이 편입되었습니다.
2024-11-26 09:23:00:INFO>  이미 10종목을 보유하고 있습니다
2024-11-26 09:23:00:INFO>  ㅡㅡㅡㅡㅡㅡㅡㅡㅡ 편입종목 매수 안함 ㅡㅡㅡㅡㅡㅡㅡㅡㅡ > end
2024-11-26 09:23:00:INFO>  
2024-11-26 09:27:21:INFO>  
2024-11-26 09:27:21:INFO>  start < ㅡㅡㅡㅡㅡ Stoploss 실행: -1.5% ㅡㅡㅡㅡㅡ
2024-11-26 09:27:21:INFO>  stockcode: 255220, quantity: 70 매도 주문이 실행됩니다.
2024-11-26 09:27:21:INFO>  ㅡㅡㅡㅡㅡㅡㅡㅡㅡㅡㅡ 매도 종료 ㅡㅡㅡㅡㅡㅡㅡㅡㅡㅡㅡㅡ > end
2024-11-26 09:27:21:INFO>  
2024-11-26 09:27:21:INFO>  
2024-11-26 09:27:21:INFO>  start < ㅡㅡㅡㅡㅡㅡㅡㅡㅡㅡ 검색식 종목편입 ㅡㅡㅡㅡㅡㅡㅡㅡㅡㅡ
2024-11-26 09:27:21:INFO>  순위20: 255220 종목이 편입되었습니다.
2024-11-26 09:27:21:INFO>  255220: 이미 보유중인 종목입니다
2024-11-26 09:27:21:INFO>  ㅡㅡㅡㅡㅡㅡㅡㅡㅡ 편입종목 매수 안함 ㅡㅡㅡㅡㅡㅡㅡㅡㅡ > end
2024-11-26 09:27:21:INFO>  
2024-11-26 09:27:26:INFO>  
2024-11-26 09:27:26:INFO>  start < ㅡㅡㅡㅡㅡㅡㅡㅡㅡㅡ 검색식 종목편입 ㅡㅡㅡㅡㅡㅡㅡㅡㅡㅡ
2024-11-26 09:27:26:INFO>  순위20: 122630 종목이 편입되었습니다.
2024-11-26 09:27:26:INFO>  이미 10종목을 보유하고 있습니다
2024-11-26 09:27:26:INFO>  ㅡㅡㅡㅡㅡㅡㅡㅡㅡ 편입종목 매수 안함 ㅡㅡㅡㅡㅡㅡㅡㅡㅡ > end
2024-11-26 09:27:26:INFO>  
2024-11-26 09:27:41:INFO>  
2024-11-26 09:27:41:INFO>  start < ㅡㅡㅡㅡㅡㅡㅡㅡㅡㅡ 검색식 종목편입 ㅡㅡㅡㅡㅡㅡㅡㅡㅡㅡ
2024-11-26 09:27:41:INFO>  순위20: 255220 종목이 편입되었습니다.
2024-11-26 09:27:41:INFO>  255220: 이미 보유중인 종목입니다
2024-11-26 09:27:41:INFO>  ㅡㅡㅡㅡㅡㅡㅡㅡㅡ 편입종목 매수 안함 ㅡㅡㅡㅡㅡㅡㅡㅡㅡ > end
2024-11-26 09:27:41:INFO>  
2024-11-26 09:28:42:INFO>  
2024-11-26 09:28:42:INFO>  start < ㅡㅡㅡㅡㅡㅡㅡㅡㅡㅡ 검색식 종목편입 ㅡㅡㅡㅡㅡㅡㅡㅡㅡㅡ
2024-11-26 09:28:42:INFO>  순위20: 122630 종목이 편입되었습니다.
2024-11-26 09:28:42:INFO>  이미 10종목을 보유하고 있습니다
2024-11-26 09:28:42:INFO>  ㅡㅡㅡㅡㅡㅡㅡㅡㅡ 편입종목 매수 안함 ㅡㅡㅡㅡㅡㅡㅡㅡㅡ > end
2024-11-26 09:28:42:INFO>  
2024-11-26 09:28:46:INFO>  
2024-11-26 09:28:46:INFO>  start < ㅡㅡㅡㅡㅡㅡㅡㅡㅡㅡ 검색식 종목편입 ㅡㅡㅡㅡㅡㅡㅡㅡㅡㅡ
2024-11-26 09:28:46:INFO>  순위20: 255220 종목이 편입되었습니다.
2024-11-26 09:28:46:INFO>  255220: 이미 보유중인 종목입니다
2024-11-26 09:28:46:INFO>  ㅡㅡㅡㅡㅡㅡㅡㅡㅡ 편입종목 매수 안함 ㅡㅡㅡㅡㅡㅡㅡㅡㅡ > end
2024-11-26 09:28:46:INFO>  
2024-11-26 09:28:51:INFO>  
2024-11-26 09:28:51:INFO>  start < ㅡㅡㅡㅡㅡㅡㅡㅡㅡㅡ 검색식 종목편입 ㅡㅡㅡㅡㅡㅡㅡㅡㅡㅡ
2024-11-26 09:28:51:INFO>  순위20: 122630 종목이 편입되었습니다.
2024-11-26 09:28:51:INFO>  이미 10종목을 보유하고 있습니다
2024-11-26 09:28:51:INFO>  ㅡㅡㅡㅡㅡㅡㅡㅡㅡ 편입종목 매수 안함 ㅡㅡㅡㅡㅡㅡㅡㅡㅡ > end
2024-11-26 09:28:51:INFO>  
2024-11-26 09:29:01:INFO>  
2024-11-26 09:29:01:INFO>  start < ㅡㅡㅡㅡㅡ Stoploss 실행: -1.5% ㅡㅡㅡㅡㅡ
2024-11-26 09:29:01:INFO>  stockcode: 001440, quantity: 21 매도 주문이 실행됩니다.
2024-11-26 09:29:01:INFO>  ㅡㅡㅡㅡㅡㅡㅡㅡㅡㅡㅡ 매도 종료 ㅡㅡㅡㅡㅡㅡㅡㅡㅡㅡㅡㅡ > end
2024-11-26 09:29:01:INFO>  
2024-11-26 09:30:02:INFO>  
2024-11-26 09:30:02:INFO>  start < ㅡㅡㅡㅡㅡㅡㅡㅡㅡㅡ 검색식 종목편입 ㅡㅡㅡㅡㅡㅡㅡㅡㅡㅡ
2024-11-26 09:30:02:INFO>  순위20: 255220 종목이 편입되었습니다.
2024-11-26 09:30:02:INFO>  255220: 이미 보유중인 종목입니다
2024-11-26 09:30:02:INFO>  ㅡㅡㅡㅡㅡㅡㅡㅡㅡ 편입종목 매수 안함 ㅡㅡㅡㅡㅡㅡㅡㅡㅡ > end
2024-11-26 09:30:02:INFO>  
2024-11-26 09:32:02:INFO>  
2024-11-26 09:32:02:INFO>  start < ㅡㅡㅡㅡㅡㅡㅡㅡㅡㅡ 검색식 종목편입 ㅡㅡㅡㅡㅡㅡㅡㅡㅡㅡ
2024-11-26 09:32:02:INFO>  순위20: 219550 종목이 편입되었습니다.
2024-11-26 09:32:02:INFO>  이미 10종목을 보유하고 있습니다
2024-11-26 09:32:02:INFO>  ㅡㅡㅡㅡㅡㅡㅡㅡㅡ 편입종목 매수 안함 ㅡㅡㅡㅡㅡㅡㅡㅡㅡ > end
2024-11-26 09:32:02:INFO>  
2024-11-26 09:32:56:INFO>  
2024-11-26 09:32:56:INFO>  start < ㅡㅡㅡ Trailingstop 실행: 2.5% ㅡㅡㅡㅡ
2024-11-26 09:32:56:INFO>  stockcode: 006050, quantity: 146 매도 주문이 실행됩니다.
2024-11-26 09:32:56:INFO>  ㅡㅡㅡㅡㅡㅡㅡㅡㅡㅡㅡ 매도 종료 ㅡㅡㅡㅡㅡㅡㅡㅡㅡㅡㅡㅡ > end
2024-11-26 09:32:56:INFO>  
2024-11-26 09:34:38:INFO>  
2024-11-26 09:34:38:INFO>  start < ㅡㅡㅡㅡㅡ Stoploss 실행: -1.5% ㅡㅡㅡㅡㅡ
2024-11-26 09:34:38:INFO>  stockcode: 109610, quantity: 55 매도 주문이 실행됩니다.
2024-11-26 09:34:39:INFO>  ㅡㅡㅡㅡㅡㅡㅡㅡㅡㅡㅡ 매도 종료 ㅡㅡㅡㅡㅡㅡㅡㅡㅡㅡㅡㅡ > end
2024-11-26 09:34:39:INFO>  
2024-11-26 09:34:39:INFO>  
2024-11-26 09:34:39:INFO>  start < ㅡㅡㅡㅡㅡㅡ Stoploss 실행: -3% ㅡㅡㅡㅡㅡㅡ
2024-11-26 09:34:39:INFO>  stockcode: 255220, quantity: 70 매도 주문이 실행됩니다.
2024-11-26 09:34:39:INFO>  ㅡㅡㅡㅡㅡㅡㅡㅡㅡㅡㅡ 매도 종료 ㅡㅡㅡㅡㅡㅡㅡㅡㅡㅡㅡㅡ > end
2024-11-26 09:34:39:INFO>  
2024-11-26 09:37:58:INFO>  
2024-11-26 09:37:58:INFO>  start < ㅡㅡㅡㅡㅡ Stoploss 실행: -1.5% ㅡㅡㅡㅡㅡ
2024-11-26 09:37:58:INFO>  stockcode: 233740, quantity: 33 매도 주문이 실행됩니다.
2024-11-26 09:37:58:INFO>  ㅡㅡㅡㅡㅡㅡㅡㅡㅡㅡㅡ 매도 종료 ㅡㅡㅡㅡㅡㅡㅡㅡㅡㅡㅡㅡ > end
2024-11-26 09:37:58:INFO>  
2024-11-26 09:38:26:INFO>  
2024-11-26 09:38:26:INFO>  start < ㅡㅡㅡ Trailingstop 실행: 2.5% ㅡㅡㅡㅡ
2024-11-26 09:38:26:INFO>  stockcode: 289930, quantity: 15 매도 주문이 실행됩니다.
2024-11-26 09:38:26:INFO>  ㅡㅡㅡㅡㅡㅡㅡㅡㅡㅡㅡ 매도 종료 ㅡㅡㅡㅡㅡㅡㅡㅡㅡㅡㅡㅡ > end
2024-11-26 09:38:26:INFO>  
2024-11-26 09:40:15:INFO>  
2024-11-26 09:40:15:INFO>  start < ㅡㅡㅡㅡㅡㅡㅡㅡㅡㅡ 검색식 종목편입 ㅡㅡㅡㅡㅡㅡㅡㅡㅡㅡ
2024-11-26 09:40:15:INFO>  순위20: 357880 종목이 편입되었습니다.
2024-11-26 09:40:15:INFO>  이미 10종목을 보유하고 있습니다
2024-11-26 09:40:15:INFO>  ㅡㅡㅡㅡㅡㅡㅡㅡㅡ 편입종목 매수 안함 ㅡㅡㅡㅡㅡㅡㅡㅡㅡ > end
2024-11-26 09:40:15:INFO>  
2024-11-26 09:46:56:INFO>  
2024-11-26 09:46:56:INFO>  start < ㅡㅡㅡㅡ Trailingstop 실행: 5% ㅡㅡㅡㅡㅡ
2024-11-26 09:46:56:INFO>  stockcode: 289930, quantity: 15 매도 주문이 실행됩니다.
2024-11-26 09:46:56:INFO>  ㅡㅡㅡㅡㅡㅡㅡㅡㅡㅡㅡ 매도 종료 ㅡㅡㅡㅡㅡㅡㅡㅡㅡㅡㅡㅡ > end
2024-11-26 09:46:56:INFO>  
2024-11-26 09:48:26:INFO>  
2024-11-26 09:48:26:INFO>  start < ㅡㅡㅡ Trailingstop 실행: 2.5% ㅡㅡㅡㅡ
2024-11-26 09:48:26:INFO>  stockcode: 006050, quantity: 146 매도 주문이 실행됩니다.
2024-11-26 09:48:26:INFO>  ㅡㅡㅡㅡㅡㅡㅡㅡㅡㅡㅡ 매도 종료 ㅡㅡㅡㅡㅡㅡㅡㅡㅡㅡㅡㅡ > end
2024-11-26 09:48:26:INFO>  
2024-11-26 09:57:26:INFO>  
2024-11-26 09:57:26:INFO>  start < ㅡㅡㅡㅡㅡㅡ Stoploss 실행: -3% ㅡㅡㅡㅡㅡㅡ
2024-11-26 09:57:26:INFO>  stockcode: 045660, quantity: 8 매도 주문이 실행됩니다.
2024-11-26 09:57:26:INFO>  ㅡㅡㅡㅡㅡㅡㅡㅡㅡㅡㅡ 매도 종료 ㅡㅡㅡㅡㅡㅡㅡㅡㅡㅡㅡㅡ > end
2024-11-26 09:57:26:INFO>  
2024-11-26 10:03:22:INFO>  
2024-11-26 10:03:22:INFO>  start < ㅡㅡㅡㅡㅡㅡㅡㅡㅡㅡ 검색식 종목편입 ㅡㅡㅡㅡㅡㅡㅡㅡㅡㅡ
2024-11-26 10:03:22:INFO>  순위20: 002410 종목이 편입되었습니다.
2024-11-26 10:03:22:INFO>  이미 10종목을 보유하고 있습니다
2024-11-26 10:03:22:INFO>  ㅡㅡㅡㅡㅡㅡㅡㅡㅡ 편입종목 매수 안함 ㅡㅡㅡㅡㅡㅡㅡㅡㅡ > end
2024-11-26 10:03:22:INFO>  
2024-11-26 10:14:21:INFO>  
2024-11-26 10:14:21:INFO>  start < ㅡㅡㅡㅡㅡㅡㅡㅡㅡㅡ 검색식 종목편입 ㅡㅡㅡㅡㅡㅡㅡㅡㅡㅡ
2024-11-26 10:14:21:INFO>  순위20: 255220 종목이 편입되었습니다.
2024-11-26 10:14:21:INFO>  이미 10종목을 보유하고 있습니다
2024-11-26 10:14:21:INFO>  ㅡㅡㅡㅡㅡㅡㅡㅡㅡ 편입종목 매수 안함 ㅡㅡㅡㅡㅡㅡㅡㅡㅡ > end
2024-11-26 10:14:21:INFO>  
2024-11-26 10:25:26:INFO>  
2024-11-26 10:25:26:INFO>  start < ㅡㅡㅡㅡ Trailingstop 실행: 11% ㅡㅡㅡㅡ
2024-11-26 10:25:26:INFO>  stockcode: 060370, quantity: 9 매도 주문이 실행됩니다.
2024-11-26 10:25:26:INFO>  ㅡㅡㅡㅡㅡㅡㅡㅡㅡㅡㅡ 매도 종료 ㅡㅡㅡㅡㅡㅡㅡㅡㅡㅡㅡㅡ > end
2024-11-26 10:25:26:INFO>  
2024-11-26 10:28:26:INFO>  
2024-11-26 10:28:26:INFO>  start < ㅡㅡㅡㅡ Trailingstop 실행: 11% ㅡㅡㅡㅡ
2024-11-26 10:28:26:INFO>  stockcode: 060370, quantity: 8 매도 주문이 실행됩니다.
2024-11-26 10:28:26:INFO>  ㅡㅡㅡㅡㅡㅡㅡㅡㅡㅡㅡ 매도 종료 ㅡㅡㅡㅡㅡㅡㅡㅡㅡㅡㅡㅡ > end
2024-11-26 10:28:26:INFO>  
2024-11-26 10:43:14:INFO>  
2024-11-26 10:43:14:INFO>  start < ㅡㅡㅡㅡㅡㅡㅡㅡㅡㅡ 검색식 종목편입 ㅡㅡㅡㅡㅡㅡㅡㅡㅡㅡ
2024-11-26 10:43:14:INFO>  순위20: 500027 종목이 편입되었습니다.
2024-11-26 10:43:14:INFO>  이미 10종목을 보유하고 있습니다
2024-11-26 10:43:14:INFO>  ㅡㅡㅡㅡㅡㅡㅡㅡㅡ 편입종목 매수 안함 ㅡㅡㅡㅡㅡㅡㅡㅡㅡ > end
2024-11-26 10:43:14:INFO>  
2024-11-26 11:03:16:INFO>  
2024-11-26 11:03:16:INFO>  start < ㅡㅡㅡㅡㅡㅡㅡㅡㅡㅡ 검색식 종목편입 ㅡㅡㅡㅡㅡㅡㅡㅡㅡㅡ
2024-11-26 11:03:16:INFO>  순위20: 208640 종목이 편입되었습니다.
2024-11-26 11:03:16:INFO>  이미 10종목을 보유하고 있습니다
2024-11-26 11:03:16:INFO>  ㅡㅡㅡㅡㅡㅡㅡㅡㅡ 편입종목 매수 안함 ㅡㅡㅡㅡㅡㅡㅡㅡㅡ > end
2024-11-26 11:03:16:INFO>  
2024-11-26 11:11:19:INFO>  
2024-11-26 11:11:19:INFO>  start < ㅡㅡㅡㅡㅡㅡㅡㅡㅡㅡ 검색식 종목편입 ㅡㅡㅡㅡㅡㅡㅡㅡㅡㅡ
2024-11-26 11:11:19:INFO>  순위20: 015710 종목이 편입되었습니다.
2024-11-26 11:11:19:INFO>  이미 10종목을 보유하고 있습니다
2024-11-26 11:11:19:INFO>  ㅡㅡㅡㅡㅡㅡㅡㅡㅡ 편입종목 매수 안함 ㅡㅡㅡㅡㅡㅡㅡㅡㅡ > end
2024-11-26 11:11:19:INFO>  
2024-11-26 11:25:53:INFO>  
2024-11-26 11:25:53:INFO>  start < ㅡㅡㅡㅡㅡㅡㅡㅡㅡㅡ 검색식 종목편입 ㅡㅡㅡㅡㅡㅡㅡㅡㅡㅡ
2024-11-26 11:25:53:INFO>  순위20: 168490 종목이 편입되었습니다.
2024-11-26 11:25:53:INFO>  이미 10종목을 보유하고 있습니다
2024-11-26 11:25:53:INFO>  ㅡㅡㅡㅡㅡㅡㅡㅡㅡ 편입종목 매수 안함 ㅡㅡㅡㅡㅡㅡㅡㅡㅡ > end
2024-11-26 11:25:53:INFO>  
2024-11-26 11:31:10:INFO>  
2024-11-26 11:31:10:INFO>  start < ㅡㅡㅡㅡㅡㅡ Stoploss 실행: -3% ㅡㅡㅡㅡㅡㅡ
2024-11-26 11:31:10:INFO>  stockcode: 233740, quantity: 33 매도 주문이 실행됩니다.
2024-11-26 11:31:11:INFO>  ㅡㅡㅡㅡㅡㅡㅡㅡㅡㅡㅡ 매도 종료 ㅡㅡㅡㅡㅡㅡㅡㅡㅡㅡㅡㅡ > end
2024-11-26 11:31:11:INFO>  
